C:\USERS\ANUBIS\DOCUMENTS\VISUAL STUDIO 2010\PROJECTS\WHEEL-OF-FORTUNE\DEBUG\WHEEL.EXE
C:\USERS\ANUBIS\DOCUMENTS\VISUAL STUDIO 2010\PROJECTS\WHEEL-OF-FORTUNE\DEBUG\WHEEL.ILK
C:\USERS\ANUBIS\DOCUMENTS\VISUAL STUDIO 2010\PROJECTS\WHEEL-OF-FORTUNE\DEBUG\WHEEL.PDB
C:\USERS\ANUBIS\DOCUMENTS\VISUAL STUDIO 2010\PROJECTS\WHEEL-OF-FORTUNE\WHEEL\DEBUG\BUTTON.OBJ
C:\Users\Anubis\Documents\Visual Studio 2010\Projects\Wheel-Of-Fortune\Wheel\Debug\cl.command.1.tlog
C:\Users\Anubis\Documents\Visual Studio 2010\Projects\Wheel-Of-Fortune\Wheel\Debug\CL.read.1.tlog
C:\Users\Anubis\Documents\Visual Studio 2010\Projects\Wheel-Of-Fortune\Wheel\Debug\CL.write.1.tlog
C:\USERS\ANUBIS\DOCUMENTS\VISUAL STUDIO 2010\PROJECTS\WHEEL-OF-FORTUNE\WHEEL\DEBUG\KEYBOARD.OBJ
C:\USERS\ANUBIS\DOCUMENTS\VISUAL STUDIO 2010\PROJECTS\WHEEL-OF-FORTUNE\WHEEL\DEBUG\LETTER.OBJ
C:\Users\Anubis\Documents\Visual Studio 2010\Projects\Wheel-Of-Fortune\Wheel\Debug\link.1244.read.1.tlog
C:\Users\Anubis\Documents\Visual Studio 2010\Projects\Wheel-Of-Fortune\Wheel\Debug\link.1244.read.2.tlog
C:\Users\Anubis\Documents\Visual Studio 2010\Projects\Wheel-Of-Fortune\Wheel\Debug\link.1244.write.1.tlog
C:\Users\Anubis\Documents\Visual Studio 2010\Projects\Wheel-Of-Fortune\Wheel\Debug\link.1244-cvtres.read.1.tlog
C:\Users\Anubis\Documents\Visual Studio 2010\Projects\Wheel-Of-Fortune\Wheel\Debug\link.1244-cvtres.write.1.tlog
C:\Users\Anubis\Documents\Visual Studio 2010\Projects\Wheel-Of-Fortune\Wheel\Debug\link.command.1.tlog
C:\Users\Anubis\Documents\Visual Studio 2010\Projects\Wheel-Of-Fortune\Wheel\Debug\link.read.1.tlog
C:\Users\Anubis\Documents\Visual Studio 2010\Projects\Wheel-Of-Fortune\Wheel\Debug\link.read.2.tlog
C:\Users\Anubis\Documents\Visual Studio 2010\Projects\Wheel-Of-Fortune\Wheel\Debug\link.write.1.tlog
C:\Users\Anubis\Documents\Visual Studio 2010\Projects\Wheel-Of-Fortune\Wheel\Debug\link-cvtres.read.1.tlog
C:\Users\Anubis\Documents\Visual Studio 2010\Projects\Wheel-Of-Fortune\Wheel\Debug\link-cvtres.write.1.tlog
C:\USERS\ANUBIS\DOCUMENTS\VISUAL STUDIO 2010\PROJECTS\WHEEL-OF-FORTUNE\WHEEL\DEBUG\MAIN.OBJ
C:\USERS\ANUBIS\DOCUMENTS\VISUAL STUDIO 2010\PROJECTS\WHEEL-OF-FORTUNE\WHEEL\DEBUG\MENU.OBJ
C:\Users\Anubis\Documents\Visual Studio 2010\Projects\Wheel-Of-Fortune\Wheel\Debug\mt.command.1.tlog
C:\Users\Anubis\Documents\Visual Studio 2010\Projects\Wheel-Of-Fortune\Wheel\Debug\mt.read.1.tlog
C:\Users\Anubis\Documents\Visual Studio 2010\Projects\Wheel-Of-Fortune\Wheel\Debug\mt.write.1.tlog
C:\USERS\ANUBIS\DOCUMENTS\VISUAL STUDIO 2010\PROJECTS\WHEEL-OF-FORTUNE\WHEEL\DEBUG\PLAYER.OBJ
C:\USERS\ANUBIS\DOCUMENTS\VISUAL STUDIO 2010\PROJECTS\WHEEL-OF-FORTUNE\WHEEL\DEBUG\QUIZ.OBJ
C:\Users\Anubis\Documents\Visual Studio 2010\Projects\Wheel-Of-Fortune\Wheel\Debug\rc.command.1.tlog
C:\Users\Anubis\Documents\Visual Studio 2010\Projects\Wheel-Of-Fortune\Wheel\Debug\rc.read.1.tlog
C:\Users\Anubis\Documents\Visual Studio 2010\Projects\Wheel-Of-Fortune\Wheel\Debug\rc.write.1.tlog
C:\USERS\ANUBIS\DOCUMENTS\VISUAL STUDIO 2010\PROJECTS\WHEEL-OF-FORTUNE\WHEEL\DEBUG\UTILS.OBJ
C:\Users\Anubis\Documents\Visual Studio 2010\Projects\Wheel-Of-Fortune\Wheel\Debug\vc100.idb
C:\USERS\ANUBIS\DOCUMENTS\VISUAL STUDIO 2010\PROJECTS\WHEEL-OF-FORTUNE\WHEEL\DEBUG\VC100.PDB
C:\Users\Anubis\Documents\Visual Studio 2010\Projects\Wheel-Of-Fortune\Wheel\Debug\Wheel.exe.embed.manifest
C:\USERS\ANUBIS\DOCUMENTS\VISUAL STUDIO 2010\PROJECTS\WHEEL-OF-FORTUNE\WHEEL\DEBUG\WHEEL.EXE.EMBED.MANIFEST.RES
C:\USERS\ANUBIS\DOCUMENTS\VISUAL STUDIO 2010\PROJECTS\WHEEL-OF-FORTUNE\WHEEL\DEBUG\WHEEL.EXE.INTERMEDIATE.MANIFEST
C:\USERS\ANUBIS\DOCUMENTS\VISUAL STUDIO 2010\PROJECTS\WHEEL-OF-FORTUNE\WHEEL\DEBUG\WHEEL.OBJ
C:\Users\Anubis\Documents\Visual Studio 2010\Projects\Wheel-Of-Fortune\Wheel\Debug\Wheel_manifest.rc
C:\USERS\DUCTM\DOCUMENTS\VISUAL STUDIO 2010\PROJECTS\WHEEL\DEBUG\WHEEL.EXE
C:\USERS\DUCTM\DOCUMENTS\VISUAL STUDIO 2010\PROJECTS\WHEEL\DEBUG\WHEEL.ILK
C:\USERS\DUCTM\DOCUMENTS\VISUAL STUDIO 2010\PROJECTS\WHEEL\DEBUG\WHEEL.PDB
C:\USERS\DUCTM\DOCUMENTS\VISUAL STUDIO 2010\PROJECTS\WHEEL\WHEEL\DEBUG\BUTTON.OBJ
C:\USERS\DUCTM\DOCUMENTS\VISUAL STUDIO 2010\PROJECTS\WHEEL\WHEEL\DEBUG\KEYBOARD.OBJ
C:\USERS\DUCTM\DOCUMENTS\VISUAL STUDIO 2010\PROJECTS\WHEEL\WHEEL\DEBUG\LETTER.OBJ
C:\USERS\DUCTM\DOCUMENTS\VISUAL STUDIO 2010\PROJECTS\WHEEL\WHEEL\DEBUG\MAIN.OBJ
C:\USERS\DUCTM\DOCUMENTS\VISUAL STUDIO 2010\PROJECTS\WHEEL\WHEEL\DEBUG\MENU.OBJ
C:\USERS\DUCTM\DOCUMENTS\VISUAL STUDIO 2010\PROJECTS\WHEEL\WHEEL\DEBUG\PLAYER.OBJ
C:\USERS\DUCTM\DOCUMENTS\VISUAL STUDIO 2010\PROJECTS\WHEEL\WHEEL\DEBUG\QUIZ.OBJ
C:\USERS\DUCTM\DOCUMENTS\VISUAL STUDIO 2010\PROJECTS\WHEEL\WHEEL\DEBUG\UTILS.OBJ
C:\USERS\DUCTM\DOCUMENTS\VISUAL STUDIO 2010\PROJECTS\WHEEL\WHEEL\DEBUG\VC100.PDB
C:\USERS\DUCTM\DOCUMENTS\VISUAL STUDIO 2010\PROJECTS\WHEEL\WHEEL\DEBUG\WHEEL.EXE.EMBED.MANIFEST
C:\USERS\DUCTM\DOCUMENTS\VISUAL STUDIO 2010\PROJECTS\WHEEL\WHEEL\DEBUG\WHEEL.EXE.EMBED.MANIFEST.RES
C:\USERS\DUCTM\DOCUMENTS\VISUAL STUDIO 2010\PROJECTS\WHEEL\WHEEL\DEBUG\WHEEL.EXE.INTERMEDIATE.MANIFEST
C:\USERS\DUCTM\DOCUMENTS\VISUAL STUDIO 2010\PROJECTS\WHEEL\WHEEL\DEBUG\WHEEL.OBJ
