Build started 4/14/2012 7:07:37 PM.
     1>Project "C:\Users\Anubis\Documents\Visual Studio 2010\Projects\Wheel-Of-Fortune\Wheel\Wheel.vcxproj" on node 2 (build target(s)).
     1>InitializeBuildStatus:
         Creating "Debug\Wheel.unsuccessfulbuild" because "AlwaysCreate" was specified.
       ClCompile:
         C:\Program Files\Microsoft Visual Studio 10.0\VC\bin\CL.exe /c /ZI /nologo /W3 /WX- /Od /Oy- /D WIN32 /D _DEBUG /D _WINDOWS /D _UNICODE /D UNICODE /Gm /EHsc /RTC1 /MDd /GS /fp:precise /Zc:wchar_t /Zc:forScope /Fo"Debug\\" /Fd"Debug\vc100.pdb" /Gd /TP /analyze- /errorReport:prompt Player.cpp main.cpp
         Player.cpp
     1>c:\users\anubis\documents\visual studio 2010\projects\wheel-of-fortune\wheel\player.cpp(192): warning C4018: '>=' : signed/unsigned mismatch
         Generating Code...
         Compiling...
         main.cpp
     1>c:\users\anubis\documents\visual studio 2010\projects\wheel-of-fortune\wheel\scene.h(483): warning C4244: 'argument' : conversion from 'double' to 'int', possible loss of data
     1>c:\users\anubis\documents\visual studio 2010\projects\wheel-of-fortune\wheel\scene.h(483): warning C4244: 'argument' : conversion from 'double' to 'int', possible loss of data
         Generating Code...
       ManifestResourceCompile:
         All outputs are up-to-date.
       Link:
         C:\Program Files\Microsoft Visual Studio 10.0\VC\bin\link.exe /ERRORREPORT:PROMPT /OUT:"C:\Users\Anubis\Documents\Visual Studio 2010\Projects\Wheel-Of-Fortune\Debug\Wheel.exe" /INCREMENTAL /NOLOGO .\Engine\lib\Engine.lib gdi32.lib dinput8.lib dsound.lib winmm.lib xmllite.lib dxerr.lib dxguid.lib d3dx9.lib d3d9.lib kernel32.lib user32.lib winspool.lib comdlg32.lib advapi32.lib shell32.lib ole32.lib oleaut32.lib uuid.lib odbc32.lib odbccp32.lib kernel32.lib user32.lib gdi32.lib winspool.lib comdlg32.lib advapi32.lib shell32.lib ole32.lib oleaut32.lib uuid.lib odbc32.lib odbccp32.lib /MANIFEST /ManifestFile:"Debug\Wheel.exe.intermediate.manifest" /MANIFESTUAC:"level='asInvoker' uiAccess='false'" /DEBUG /PDB:"C:\Users\Anubis\Documents\Visual Studio 2010\Projects\Wheel-Of-Fortune\Debug\Wheel.pdb" /SUBSYSTEM:WINDOWS /TLBID:1 /DYNAMICBASE /NXCOMPAT /IMPLIB:"C:\Users\Anubis\Documents\Visual Studio 2010\Projects\Wheel-Of-Fortune\Debug\Wheel.lib" /MACHINE:X86 Debug\Wheel.exe.embed.manifest.res
         Debug\button.obj
         Debug\Gift.obj
         Debug\Keyboard.obj
         Debug\Letter.obj
         Debug\main.obj
         Debug\Menu.obj
         Debug\Player.obj
         Debug\Quiz.obj
         Debug\utils.obj
         Debug\wheel.obj
         Debug\WheelSpecial.obj
       Manifest:
         C:\Program Files\Microsoft SDKs\Windows\v7.0A\bin\mt.exe /nologo /verbose /out:"Debug\Wheel.exe.embed.manifest" /manifest Debug\Wheel.exe.intermediate.manifest
         All outputs are up-to-date.
       LinkEmbedManifest:
         All outputs are up-to-date.
         Wheel.vcxproj -> C:\Users\Anubis\Documents\Visual Studio 2010\Projects\Wheel-Of-Fortune\Debug\Wheel.exe
       FinalizeBuildStatus:
         Deleting file "Debug\Wheel.unsuccessfulbuild".
         Touching "Debug\Wheel.lastbuildstate".
     1>Done Building Project "C:\Users\Anubis\Documents\Visual Studio 2010\Projects\Wheel-Of-Fortune\Wheel\Wheel.vcxproj" (build target(s)).

Build succeeded.

Time Elapsed 00:00:06.28
